2025-02-07T01:50:11.022Z [info]: [UserController][getUserDetails], User ID: [11]
2025-02-07T01:50:11.040Z [info]: [ShopsController][list], id: [11], Getting Shops
2025-02-07T01:50:11.131Z [info]: [ShopsController][list], id: [11], Shops List Send Successfully
2025-02-07T01:50:11.179Z [info]: [UserController][getUserDetails], Total Sale: [[object Object]], Total Expense: [[object Object]], Total Shops: [[object Object]], Pending Money: [[object Object]], Details fetched successfully
2025-02-07T01:50:29.009Z [info]: [ShopsController][list], id: [11], Getting Shops
2025-02-07T01:50:29.023Z [info]: [ShopsController][list], id: [11], Shops List Send Successfully
2025-02-07T01:50:36.452Z [info]: [InventoryController][list], id: [11], shopId: [23], Getting Items
2025-02-07T01:50:36.491Z [info]: [InventoryController][list], id: [11], shopId: [23], Items fetched Successfully
2025-02-07T01:50:39.134Z [info]: [InventoryController][list], id: [11], shopId: [23], Getting Items
2025-02-07T01:50:39.136Z [info]: [InventoryController][list], id: [11], shopId: [23], Items fetched Successfully
2025-02-07T01:50:41.932Z [info]: [InventoryController][list], id: [11], shopId: [23], Getting Items
2025-02-07T01:50:41.933Z [info]: [InventoryController][list], id: [11], shopId: [23], Items fetched Successfully
2025-02-07T01:50:44.896Z [info]: [InventoryController][list], id: [11], shopId: [23], Getting Items
2025-02-07T01:50:44.902Z [info]: [InventoryController][list], id: [11], shopId: [23], Items fetched Successfully
2025-02-07T01:51:16.848Z [info]: [Validation], error: [
  {
    "code": "too_small",
    "minimum": 1,
    "type": "array",
    "inclusive": true,
    "exact": false,
    "message": "Array must contain at least 1 element(s)",
    "path": [
      "items"
    ]
  }
]
2025-02-07T01:52:25.550Z [info]: [InventoryController][list], id: [11], shopId: [23], Getting Items
2025-02-07T01:52:25.552Z [info]: [InventoryController][list], id: [11], shopId: [23], Items fetched Successfully
2025-02-07T01:54:24.395Z [info]: [InventoryController][list], id: [11], shopId: [23], Getting Items
2025-02-07T01:54:24.401Z [info]: [InventoryController][list], id: [11], shopId: [23], Items fetched Successfully
2025-02-07T01:54:59.713Z [info]: [InventoryController][list], id: [11], shopId: [23], Getting Items
2025-02-07T01:54:59.717Z [info]: [InventoryController][list], id: [11], shopId: [23], Items fetched Successfully
2025-02-07T01:55:10.450Z [info]: [SalesController][add], id: [11], shopId: [23], items: [[object Object],[object Object]], Adding Sales
2025-02-07T01:55:10.466Z [info]: [SalesController][add], id: [13], shopId: [23], items: [[object Object],[object Object]], Item not found
2025-02-07T01:55:24.829Z [info]: [SalesController][add], id: [11], shopId: [23], items: [[object Object],[object Object]], Adding Sales
2025-02-07T01:55:24.837Z [info]: [SalesController][add], id: [13], shopId: [23], items: [[object Object],[object Object]], Item not found
2025-02-07T01:55:30.929Z [info]: [InventoryController][list], id: [11], shopId: [23], Getting Items
2025-02-07T01:55:30.933Z [info]: [InventoryController][list], id: [11], shopId: [23], Items fetched Successfully
2025-02-07T01:55:40.257Z [info]: [InventoryController][list], id: [11], shopId: [23], Getting Items
2025-02-07T01:55:40.258Z [info]: [InventoryController][list], id: [11], shopId: [23], Items fetched Successfully
2025-02-07T01:56:53.702Z [info]: [InventoryController][list], id: [11], shopId: [23], Getting Items
2025-02-07T01:56:53.708Z [info]: [InventoryController][list], id: [11], shopId: [23], Items fetched Successfully
2025-02-07T01:56:58.193Z [info]: [InventoryController][list], id: [11], shopId: [23], Getting Items
2025-02-07T01:56:58.195Z [info]: [InventoryController][list], id: [11], shopId: [23], Items fetched Successfully
2025-02-07T01:57:01.603Z [info]: [SalesController][add], id: [11], shopId: [23], items: [[object Object]], Adding Sales
2025-02-07T01:57:01.660Z [info]: [SalesController][add], id: [14], shopId: [23], items: [[object Object]], sales added Successfully
2025-02-07T01:57:12.509Z [info]: [InventoryController][list], id: [11], shopId: [23], Getting Items
2025-02-07T01:57:12.511Z [info]: [InventoryController][list], id: [11], shopId: [23], Items fetched Successfully
2025-02-07T01:57:15.080Z [info]: [InventoryController][list], id: [11], shopId: [23], Getting Items
2025-02-07T01:57:15.095Z [info]: [InventoryController][list], id: [11], shopId: [23], Items fetched Successfully
2025-02-07T01:57:16.943Z [info]: [InventoryController][list], id: [11], shopId: [23], Getting Items
2025-02-07T01:57:16.945Z [info]: [InventoryController][list], id: [11], shopId: [23], Items fetched Successfully
2025-02-07T01:57:22.304Z [info]: [InventoryController][list], id: [11], shopId: [23], Getting Items
2025-02-07T01:57:22.305Z [info]: [InventoryController][list], id: [11], shopId: [23], Items fetched Successfully
2025-02-07T01:57:26.628Z [info]: [InventoryController][list], id: [11], shopId: [23], Getting Items
2025-02-07T01:57:26.633Z [info]: [InventoryController][list], id: [11], shopId: [23], Items fetched Successfully
2025-02-07T01:58:35.047Z [info]: [SalesController][add], id: [11], shopId: [23], items: [[object Object]], Adding Sales
2025-02-07T01:58:35.091Z [info]: [SalesController][add], id: [12], shopId: [23], items: [[object Object]], sales added Successfully
2025-02-07T01:58:38.016Z [info]: [InventoryController][list], id: [11], shopId: [23], Getting Items
2025-02-07T01:58:38.018Z [info]: [InventoryController][list], id: [11], shopId: [23], Items fetched Successfully
2025-02-07T01:58:41.439Z [info]: [SalesController][add], id: [11], shopId: [23], items: [[object Object]], Adding Sales
2025-02-07T01:58:41.479Z [info]: [SalesController][add], id: [12], shopId: [23], items: [[object Object]], sales added Successfully
2025-02-07T01:58:44.852Z [info]: [InventoryController][list], id: [11], shopId: [23], Getting Items
2025-02-07T01:58:44.854Z [info]: [InventoryController][list], id: [11], shopId: [23], Items fetched Successfully
2025-02-07T01:58:50.954Z [info]: [InventoryController][list], id: [11], shopId: [23], Getting Items
2025-02-07T01:58:50.959Z [info]: [InventoryController][list], id: [11], shopId: [23], Items fetched Successfully
2025-02-07T01:58:54.018Z [info]: [InventoryController][list], id: [11], shopId: [23], Getting Items
2025-02-07T01:58:54.019Z [info]: [InventoryController][list], id: [11], shopId: [23], Items fetched Successfully
2025-02-07T01:58:58.679Z [info]: [InventoryController][list], id: [11], shopId: [23], Getting Items
2025-02-07T01:58:58.683Z [info]: [InventoryController][list], id: [11], shopId: [23], Items fetched Successfully
2025-02-07T01:59:03.054Z [info]: [InventoryController][list], id: [11], shopId: [23], Getting Items
2025-02-07T01:59:03.057Z [info]: [InventoryController][list], id: [11], shopId: [23], Items fetched Successfully
2025-02-07T01:59:08.724Z [info]: [InventoryController][list], id: [11], shopId: [23], Getting Items
2025-02-07T01:59:08.726Z [info]: [InventoryController][list], id: [11], shopId: [23], Items fetched Successfully
2025-02-07T01:59:16.639Z [info]: [SalesController][add], id: [11], shopId: [23], items: [[object Object]], Adding Sales
2025-02-07T01:59:16.644Z [info]: [SalesController][add], id: [13], shopId: [23], items: [[object Object]], Item not found
2025-02-07T01:59:32.620Z [info]: [SalesController][add], id: [11], shopId: [23], items: [[object Object]], Adding Sales
2025-02-07T01:59:32.647Z [info]: [SalesController][add], id: [12], shopId: [23], items: [[object Object]], Item not found
2025-02-07T01:59:37.363Z [info]: [InventoryController][list], id: [11], shopId: [23], Getting Items
2025-02-07T01:59:37.365Z [info]: [InventoryController][list], id: [11], shopId: [23], Items fetched Successfully
2025-02-07T01:59:42.658Z [info]: [InventoryController][list], id: [11], shopId: [23], Getting Items
2025-02-07T01:59:42.663Z [info]: [InventoryController][list], id: [11], shopId: [23], Items fetched Successfully
2025-02-07T01:59:48.919Z [info]: [SalesController][add], id: [11], shopId: [23], items: [[object Object]], Adding Sales
2025-02-07T01:59:48.923Z [info]: [SalesController][add], id: [12], shopId: [23], items: [[object Object]], Item not found
2025-02-07T02:10:11.381Z [info]: [UserController][login], Email: [testing1@gmail.com], Password: [12341234]
2025-02-07T02:10:11.402Z [info]: [UserController][login],Email:testing1@gmail.com not found
2025-02-07T02:10:17.415Z [info]: [UserController][login], Email: [testing@gmail.com], Password: [12341234]
2025-02-07T02:10:17.520Z [info]: [UserController][login], Email:testing@gmail.com, Password: 12341234, logged in successfully
2025-02-07T02:10:18.019Z [info]: [ShopsController][list], id: [11], Getting Shops
2025-02-07T02:10:18.022Z [info]: [ShopsController][list], id: [11], Shops List Send Successfully
2025-02-07T02:10:18.025Z [info]: [UserController][getUserDetails], User ID: [11]
2025-02-07T02:10:18.031Z [info]: [UserController][getUserDetails], Total Sale: [[object Object]], Total Expense: [[object Object]], Total Shops: [[object Object]], Pending Money: [[object Object]], Details fetched successfully
2025-02-07T02:10:24.895Z [info]: [InventoryController][list], id: [11], shopId: [23], Getting Items
2025-02-07T02:10:24.899Z [info]: [InventoryController][list], id: [11], shopId: [23], Items fetched Successfully
2025-02-07T02:10:31.810Z [info]: [InventoryController][list], id: [11], shopId: [23], Getting Items
2025-02-07T02:10:31.812Z [info]: [InventoryController][list], id: [11], shopId: [23], Items fetched Successfully
2025-02-07T02:10:35.947Z [info]: [InventoryController][list], id: [11], shopId: [23], Getting Items
2025-02-07T02:10:35.949Z [info]: [InventoryController][list], id: [11], shopId: [23], Items fetched Successfully
2025-02-07T02:11:36.220Z [info]: [InventoryController][list], id: [11], shopId: [23], Getting Items
2025-02-07T02:11:36.223Z [info]: [InventoryController][list], id: [11], shopId: [23], Items fetched Successfully
2025-02-07T02:11:53.088Z [info]: [InventoryController][list], id: [11], shopId: [23], Getting Items
2025-02-07T02:11:53.090Z [info]: [InventoryController][list], id: [11], shopId: [23], Items fetched Successfully
2025-02-07T02:12:00.108Z [info]: [InventoryController][list], id: [11], shopId: [23], Getting Items
2025-02-07T02:12:00.110Z [info]: [InventoryController][list], id: [11], shopId: [23], Items fetched Successfully
2025-02-07T02:19:17.851Z [info]: [InventoryController][list], id: [11], shopId: [23], Getting Items
2025-02-07T02:19:17.853Z [info]: [InventoryController][list], id: [11], shopId: [23], Items fetched Successfully
2025-02-07T02:19:38.224Z [info]: [InventoryController][list], id: [11], shopId: [23], Getting Items
2025-02-07T02:19:38.229Z [info]: [InventoryController][list], id: [11], shopId: [23], Items fetched Successfully
2025-02-07T02:19:51.349Z [info]: [InventoryController][list], id: [11], shopId: [23], Getting Items
2025-02-07T02:19:51.351Z [info]: [InventoryController][list], id: [11], shopId: [23], Items fetched Successfully
2025-02-07T02:24:04.071Z [info]: [InventoryController][list], id: [11], shopId: [23], Getting Items
2025-02-07T02:24:04.078Z [info]: [InventoryController][list], id: [11], shopId: [23], Items fetched Successfully
2025-02-07T02:24:33.178Z [info]: [InventoryController][list], id: [11], shopId: [23], Getting Items
2025-02-07T02:24:33.181Z [info]: [InventoryController][list], id: [11], shopId: [23], Items fetched Successfully
2025-02-07T02:24:46.477Z [info]: [InventoryController][list], id: [11], shopId: [23], Getting Items
2025-02-07T02:24:46.480Z [info]: [InventoryController][list], id: [11], shopId: [23], Items fetched Successfully
2025-02-07T02:24:51.230Z [info]: [InventoryController][list], id: [11], shopId: [23], Getting Items
2025-02-07T02:24:51.234Z [info]: [InventoryController][list], id: [11], shopId: [23], Items fetched Successfully
2025-02-07T02:24:53.737Z [info]: [InventoryController][list], id: [11], shopId: [23], Getting Items
2025-02-07T02:24:53.738Z [info]: [InventoryController][list], id: [11], shopId: [23], Items fetched Successfully
2025-02-07T02:25:08.471Z [info]: [InventoryController][list], id: [11], shopId: [23], Getting Items
2025-02-07T02:25:08.476Z [info]: [InventoryController][list], id: [11], shopId: [23], Items fetched Successfully
2025-02-07T02:25:12.153Z [info]: [SalesController][add], id: [11], shopId: [23], items: [[object Object]], Adding Sales
2025-02-07T02:25:12.209Z [info]: [SalesController][add], id: [11], shopId: [23], items: [[object Object]], sales added Successfully
2025-02-07T02:32:50.808Z [info]: [UserController][getUserDetails], User ID: [11]
2025-02-07T02:32:50.824Z [info]: [UserController][getUserDetails], Total Sale: [[object Object]], Total Expense: [[object Object]], Total Shops: [[object Object]], Pending Money: [[object Object]], Details fetched successfully
2025-02-07T02:36:30.106Z [info]: [InventoryController][list], id: [11], shopId: [23], Getting Items
2025-02-07T02:36:30.110Z [info]: [InventoryController][list], id: [11], shopId: [23], Items fetched Successfully
2025-02-07T02:39:19.389Z [info]: [InventoryController][list], id: [11], shopId: [23], Getting Items
2025-02-07T02:39:19.391Z [info]: [InventoryController][list], id: [11], shopId: [23], Items fetched Successfully
2025-02-07T02:41:09.163Z [info]: [ShopsController][list], id: [11], Getting Shops
2025-02-07T02:41:09.179Z [info]: [ShopsController][list], id: [11], Shops List Send Successfully
2025-02-07T02:41:09.179Z [info]: [InventoryController][list], id: [11], shopId: [23], Getting Items
2025-02-07T02:41:09.184Z [info]: [InventoryController][list], id: [11], shopId: [23], Items fetched Successfully
2025-02-07T02:41:14.631Z [info]: [ShopsController][list], id: [11], Getting Shops
2025-02-07T02:41:14.632Z [info]: [InventoryController][list], id: [11], shopId: [23], Getting Items
2025-02-07T02:41:14.633Z [info]: [ShopsController][list], id: [11], Shops List Send Successfully
2025-02-07T02:41:14.636Z [info]: [InventoryController][list], id: [11], shopId: [23], Items fetched Successfully
2025-02-07T02:41:23.021Z [info]: [InventoryController][list], id: [11], shopId: [23], Getting Items
2025-02-07T02:41:23.026Z [info]: [InventoryController][list], id: [11], shopId: [23], Items fetched Successfully
2025-02-07T02:42:27.696Z [info]: [ShopsController][list], id: [11], Getting Shops
2025-02-07T02:42:27.713Z [info]: [InventoryController][list], id: [11], shopId: [23], Getting Items
2025-02-07T02:42:27.713Z [info]: [ShopsController][list], id: [11], Shops List Send Successfully
2025-02-07T02:42:27.716Z [info]: [InventoryController][list], id: [11], shopId: [23], Items fetched Successfully
2025-02-07T02:43:11.352Z [info]: [ShopsController][list], id: [11], Getting Shops
2025-02-07T02:43:11.365Z [info]: [InventoryController][list], id: [11], shopId: [23], Getting Items
2025-02-07T02:43:11.366Z [info]: [ShopsController][list], id: [11], Shops List Send Successfully
2025-02-07T02:43:11.369Z [info]: [InventoryController][list], id: [11], shopId: [23], Items fetched Successfully
2025-02-07T02:43:18.727Z [info]: [InventoryController][list], id: [11], shopId: [23], Getting Items
2025-02-07T02:43:18.728Z [info]: [InventoryController][list], id: [11], shopId: [23], Items fetched Successfully
2025-02-07T02:43:20.530Z [info]: [InventoryController][list], id: [11], shopId: [23], Getting Items
2025-02-07T02:43:20.536Z [info]: [InventoryController][list], id: [11], shopId: [23], Items fetched Successfully
2025-02-07T02:44:00.739Z [info]: [ShopsController][list], id: [11], Getting Shops
2025-02-07T02:44:00.758Z [info]: [InventoryController][list], id: [11], shopId: [23], Getting Items
2025-02-07T02:44:00.759Z [info]: [ShopsController][list], id: [11], Shops List Send Successfully
2025-02-07T02:44:00.763Z [info]: [InventoryController][list], id: [11], shopId: [23], Items fetched Successfully
2025-02-07T02:44:10.620Z [info]: [ShopsController][list], id: [11], Getting Shops
2025-02-07T02:44:10.622Z [info]: [ShopsController][list], id: [11], Shops List Send Successfully
2025-02-07T02:44:10.634Z [info]: [InventoryController][list], id: [11], shopId: [23], Getting Items
2025-02-07T02:44:10.636Z [info]: [InventoryController][list], id: [11], shopId: [23], Items fetched Successfully
2025-02-07T02:44:15.847Z [info]: [ShopsController][list], id: [11], Getting Shops
2025-02-07T02:44:15.851Z [info]: [ShopsController][list], id: [11], Shops List Send Successfully
2025-02-07T02:44:15.853Z [info]: [InventoryController][list], id: [11], shopId: [23], Getting Items
2025-02-07T02:44:15.856Z [info]: [InventoryController][list], id: [11], shopId: [23], Items fetched Successfully
2025-02-07T02:46:26.520Z [info]: [InventoryController][list], id: [11], shopId: [23], Getting Items
2025-02-07T02:46:26.522Z [info]: [InventoryController][list], id: [11], shopId: [23], Items fetched Successfully
2025-02-07T02:46:41.356Z [info]: [InventoryController][list], id: [11], shopId: [23], Getting Items
2025-02-07T02:46:41.360Z [info]: [InventoryController][list], id: [11], shopId: [23], Items fetched Successfully
2025-02-07T02:46:56.116Z [info]: [ShopsController][list], id: [11], Getting Shops
2025-02-07T02:46:56.121Z [info]: [ShopsController][list], id: [11], Shops List Send Successfully
2025-02-07T02:46:56.128Z [info]: [InventoryController][list], id: [11], shopId: [23], Getting Items
2025-02-07T02:46:56.131Z [info]: [InventoryController][list], id: [11], shopId: [23], Items fetched Successfully
2025-02-07T02:47:07.925Z [info]: [ShopsController][list], id: [11], Getting Shops
2025-02-07T02:47:07.938Z [info]: [ShopsController][list], id: [11], Shops List Send Successfully
2025-02-07T02:47:07.939Z [info]: [InventoryController][list], id: [11], shopId: [23], Getting Items
2025-02-07T02:47:07.945Z [info]: [InventoryController][list], id: [11], shopId: [23], Items fetched Successfully
2025-02-07T02:47:59.880Z [info]: [InventoryController][list], id: [11], shopId: [23], Getting Items
2025-02-07T02:47:59.882Z [info]: [InventoryController][list], id: [11], shopId: [23], Items fetched Successfully
2025-02-07T02:48:17.704Z [info]: [InventoryController][list], id: [11], shopId: [23], Getting Items
2025-02-07T02:48:17.705Z [info]: [InventoryController][list], id: [11], shopId: [23], Items fetched Successfully
2025-02-07T02:48:36.576Z [info]: [InventoryController][list], id: [11], shopId: [23], Getting Items
2025-02-07T02:48:36.578Z [info]: [InventoryController][list], id: [11], shopId: [23], Items fetched Successfully
2025-02-07T02:48:49.650Z [info]: [InventoryController][list], id: [11], shopId: [23], Getting Items
2025-02-07T02:48:49.652Z [info]: [InventoryController][list], id: [11], shopId: [23], Items fetched Successfully
2025-02-07T02:50:41.707Z [info]: [ShopsController][list], id: [11], Getting Shops
2025-02-07T02:50:41.725Z [info]: [InventoryController][list], id: [11], shopId: [23], Getting Items
2025-02-07T02:50:41.725Z [info]: [ShopsController][list], id: [11], Shops List Send Successfully
2025-02-07T02:50:41.727Z [info]: [InventoryController][list], id: [11], shopId: [23], Items fetched Successfully
2025-02-07T02:50:56.533Z [info]: [InventoryController][list], id: [11], shopId: [23], Getting Items
2025-02-07T02:50:56.534Z [info]: [InventoryController][list], id: [11], shopId: [23], Items fetched Successfully
2025-02-07T02:51:34.576Z [info]: [InventoryController][list], id: [11], shopId: [23], Getting Items
2025-02-07T02:51:34.579Z [info]: [InventoryController][list], id: [11], shopId: [23], Items fetched Successfully
2025-02-07T02:52:14.639Z [info]: [ShopsController][list], id: [11], Getting Shops
2025-02-07T02:52:14.651Z [info]: [ShopsController][list], id: [11], Shops List Send Successfully
2025-02-07T02:52:14.653Z [info]: [InventoryController][list], id: [11], shopId: [23], Getting Items
2025-02-07T02:52:14.655Z [info]: [InventoryController][list], id: [11], shopId: [23], Items fetched Successfully
2025-02-07T02:52:17.819Z [info]: [InventoryController][list], id: [11], shopId: [23], Getting Items
2025-02-07T02:52:17.821Z [info]: [InventoryController][list], id: [11], shopId: [23], Items fetched Successfully
2025-02-07T02:52:24.451Z [info]: [ShopsController][list], id: [11], Getting Shops
2025-02-07T02:52:24.453Z [info]: [ShopsController][list], id: [11], Shops List Send Successfully
2025-02-07T02:52:24.460Z [info]: [InventoryController][list], id: [11], shopId: [23], Getting Items
2025-02-07T02:52:24.462Z [info]: [InventoryController][list], id: [11], shopId: [23], Items fetched Successfully
2025-02-07T02:53:24.754Z [info]: [InventoryController][list], id: [11], shopId: [23], Getting Items
2025-02-07T02:53:24.757Z [info]: [InventoryController][list], id: [11], shopId: [23], Items fetched Successfully
2025-02-07T02:53:27.871Z [info]: [InventoryController][list], id: [11], shopId: [23], Getting Items
2025-02-07T02:53:27.872Z [info]: [InventoryController][list], id: [11], shopId: [23], Items fetched Successfully
2025-02-07T02:55:03.250Z [info]: [ShopsController][list], id: [11], Getting Shops
2025-02-07T02:55:03.260Z [info]: [UserController][getUserDetails], User ID: [11]
2025-02-07T02:55:03.269Z [info]: [ShopsController][list], id: [11], Shops List Send Successfully
2025-02-07T02:55:03.280Z [info]: [UserController][getUserDetails], Total Sale: [[object Object]], Total Expense: [[object Object]], Total Shops: [[object Object]], Pending Money: [[object Object]], Details fetched successfully
2025-02-07T02:57:50.249Z [info]: [UserController][getUserDetails], User ID: [11]
2025-02-07T02:57:50.252Z [info]: [ShopsController][list], id: [11], Getting Shops
2025-02-07T02:57:50.271Z [info]: [ShopsController][list], id: [11], Shops List Send Successfully
2025-02-07T02:57:50.277Z [info]: [UserController][getUserDetails], Total Sale: [[object Object]], Total Expense: [[object Object]], Total Shops: [[object Object]], Pending Money: [[object Object]], Details fetched successfully
2025-02-07T03:08:25.457Z [info]: [InventoryController][list], id: [11], shopId: [23], Getting Items
2025-02-07T03:08:25.461Z [info]: [InventoryController][list], id: [11], shopId: [23], Items fetched Successfully
2025-02-07T03:09:57.476Z [info]: [ShopsController][list], id: [11], Getting Shops
2025-02-07T03:09:57.497Z [info]: [ShopsController][list], id: [11], Shops List Send Successfully
2025-02-07T03:10:01.368Z [info]: [InventoryController][list], id: [11], shopId: [23], Getting Items
2025-02-07T03:10:01.370Z [info]: [InventoryController][list], id: [11], shopId: [23], Items fetched Successfully
2025-02-07T04:13:34.701Z [info]: [ShopsController][list], id: [11], Getting Shops
2025-02-07T04:13:34.961Z [info]: [ShopsController][list], id: [11], Shops List Send Successfully
2025-02-07T04:13:57.354Z [info]: [UserController][getUserDetails], User ID: [11]
2025-02-07T04:13:57.374Z [info]: [ShopsController][list], id: [11], Getting Shops
2025-02-07T04:13:57.399Z [info]: [ShopsController][list], id: [11], Shops List Send Successfully
2025-02-07T04:13:57.431Z [info]: [UserController][getUserDetails], Total Sale: [[object Object]], Total Expense: [[object Object]], Total Shops: [[object Object]], Pending Money: [[object Object]], Details fetched successfully
2025-02-07T04:22:37.697Z [info]: [UserController][getUserDetails], User ID: [11]
2025-02-07T04:22:37.706Z [info]: [ShopsController][list], id: [11], Getting Shops
2025-02-07T04:22:37.747Z [info]: [ShopsController][list], id: [11], Shops List Send Successfully
2025-02-07T04:22:37.765Z [info]: [UserController][getUserDetails], Total Sale: [[object Object]], Total Expense: [[object Object]], Total Shops: [[object Object]], Pending Money: [[object Object]], Details fetched successfully
2025-02-07T04:28:37.885Z [info]: [ShopsController][list], id: [11], Getting Shops
2025-02-07T04:28:37.898Z [info]: [UserController][getUserDetails], User ID: [11]
2025-02-07T04:28:37.934Z [info]: [ShopsController][list], id: [11], Shops List Send Successfully
2025-02-07T04:28:37.964Z [info]: [UserController][getUserDetails], Total Sale: [[object Object]], Total Expense: [[object Object]], Total Shops: [[object Object]], Pending Money: [[object Object]], Details fetched successfully
2025-02-07T04:29:09.490Z [info]: [ShopsController][list], id: [11], Getting Shops
2025-02-07T04:29:09.526Z [info]: [ShopsController][list], id: [11], Shops List Send Successfully
2025-02-07T04:29:13.493Z [info]: [InventoryController][list], id: [11], shopId: [23], Getting Items
2025-02-07T04:29:13.501Z [info]: [InventoryController][list], id: [11], shopId: [23], Items fetched Successfully
2025-02-07T04:29:18.814Z [info]: [InventoryController][list], id: [11], shopId: [23], Getting Items
2025-02-07T04:29:18.816Z [info]: [InventoryController][list], id: [11], shopId: [23], Items fetched Successfully
2025-02-07T04:34:28.022Z [info]: [UserController][getUserDetails], User ID: [11]
2025-02-07T04:34:28.028Z [info]: [ShopsController][list], id: [11], Getting Shops
2025-02-07T04:34:28.069Z [info]: [ShopsController][list], id: [11], Shops List Send Successfully
2025-02-07T04:34:28.084Z [info]: [UserController][getUserDetails], Total Sale: [[object Object]], Total Expense: [[object Object]], Total Shops: [[object Object]], Pending Money: [[object Object]], Details fetched successfully
2025-02-07T04:37:11.021Z [info]: [InventoryController][list], id: [11], shopId: [23], Getting Items
2025-02-07T04:37:11.025Z [info]: [InventoryController][list], id: [11], shopId: [23], Items fetched Successfully
2025-02-07T04:37:14.346Z [info]: [InventoryController][list], id: [11], shopId: [23], Getting Items
2025-02-07T04:37:14.349Z [info]: [InventoryController][list], id: [11], shopId: [23], Items fetched Successfully
2025-02-07T04:37:29.941Z [info]: [InventoryController][list], id: [11], shopId: [23], Getting Items
2025-02-07T04:37:29.943Z [info]: [InventoryController][list], id: [11], shopId: [23], Items fetched Successfully
2025-02-07T04:42:17.545Z [info]: [UserController][getUserDetails], User ID: [11]
2025-02-07T04:42:17.572Z [info]: [ShopsController][list], id: [11], Getting Shops
2025-02-07T04:42:17.604Z [info]: [ShopsController][list], id: [11], Shops List Send Successfully
2025-02-07T04:42:17.616Z [info]: [UserController][getUserDetails], Total Sale: [[object Object]], Total Expense: [[object Object]], Total Shops: [[object Object]], Pending Money: [[object Object]], Details fetched successfully
2025-02-07T04:47:10.373Z [info]: [ShopsController][list], id: [11], Getting Shops
2025-02-07T04:47:10.405Z [info]: [ShopsController][list], id: [11], Shops List Send Successfully
2025-02-07T04:47:13.941Z [info]: [InventoryController][list], id: [11], shopId: [23], Getting Items
2025-02-07T04:47:13.947Z [info]: [InventoryController][list], id: [11], shopId: [23], Items fetched Successfully
2025-02-07T04:49:09.828Z [info]: [InventoryController][list], id: [11], shopId: [23], Getting Items
2025-02-07T04:49:09.833Z [info]: [InventoryController][list], id: [11], shopId: [23], Items fetched Successfully
2025-02-07T04:49:12.142Z [info]: [InventoryController][list], id: [11], shopId: [23], Getting Items
2025-02-07T04:49:12.146Z [info]: [InventoryController][list], id: [11], shopId: [23], Items fetched Successfully
2025-02-07T04:49:14.457Z [info]: [InventoryController][list], id: [11], shopId: [23], Getting Items
2025-02-07T04:49:14.461Z [info]: [InventoryController][list], id: [11], shopId: [23], Items fetched Successfully
2025-02-07T04:49:16.775Z [info]: [InventoryController][list], id: [11], shopId: [23], Getting Items
2025-02-07T04:49:16.779Z [info]: [InventoryController][list], id: [11], shopId: [23], Items fetched Successfully
2025-02-07T04:49:19.071Z [info]: [InventoryController][list], id: [11], shopId: [23], Getting Items
2025-02-07T04:49:19.075Z [info]: [InventoryController][list], id: [11], shopId: [23], Items fetched Successfully
2025-02-07T04:50:47.302Z [info]: [InventoryController][list], id: [11], shopId: [23], Getting Items
2025-02-07T04:50:47.304Z [info]: [InventoryController][list], id: [11], shopId: [23], Items fetched Successfully
2025-02-07T04:51:14.077Z [info]: [InventoryController][list], id: [11], shopId: [23], Getting Items
2025-02-07T04:51:14.082Z [info]: [InventoryController][list], id: [11], shopId: [23], Items fetched Successfully
2025-02-07T04:51:19.192Z [info]: [InventoryController][list], id: [11], shopId: [23], Getting Items
2025-02-07T04:51:19.196Z [info]: [InventoryController][list], id: [11], shopId: [23], Items fetched Successfully
2025-02-07T04:51:28.086Z [info]: [InventoryController][list], id: [11], shopId: [23], Getting Items
2025-02-07T04:51:28.090Z [info]: [InventoryController][list], id: [11], shopId: [23], Items fetched Successfully
2025-02-07T04:52:25.432Z [info]: [ShopsController][list], id: [11], Getting Shops
2025-02-07T04:52:25.459Z [info]: [ShopsController][list], id: [11], Shops List Send Successfully
2025-02-07T04:52:27.876Z [info]: [InventoryController][list], id: [11], shopId: [23], Getting Items
2025-02-07T04:52:27.879Z [info]: [InventoryController][list], id: [11], shopId: [23], Items fetched Successfully
2025-02-07T04:53:53.907Z [info]: [InventoryController][list], id: [11], shopId: [23], Getting Items
2025-02-07T04:53:53.926Z [info]: [InventoryController][list], id: [11], shopId: [23], Items fetched Successfully
2025-02-07T04:53:56.744Z [info]: [InventoryController][list], id: [11], shopId: [23], Getting Items
2025-02-07T04:53:56.748Z [info]: [InventoryController][list], id: [11], shopId: [23], Items fetched Successfully
2025-02-07T05:00:14.845Z [info]: [InventoryController][list], id: [11], shopId: [23], Getting Items
2025-02-07T05:00:14.850Z [info]: [InventoryController][list], id: [11], shopId: [23], Items fetched Successfully
2025-02-07T05:01:51.622Z [info]: [InventoryController][list], id: [11], shopId: [23], Getting Items
2025-02-07T05:01:51.626Z [info]: [InventoryController][list], id: [11], shopId: [23], Items fetched Successfully
2025-02-07T05:01:54.430Z [info]: [InventoryController][list], id: [11], shopId: [23], Getting Items
2025-02-07T05:01:54.435Z [info]: [InventoryController][list], id: [11], shopId: [23], Items fetched Successfully
2025-02-07T05:01:57.759Z [info]: [InventoryController][list], id: [11], shopId: [23], Getting Items
2025-02-07T05:01:57.766Z [info]: [InventoryController][list], id: [11], shopId: [23], Items fetched Successfully
2025-02-07T05:03:49.873Z [info]: [UserController][getUserDetails], User ID: [11]
2025-02-07T05:03:49.879Z [info]: [ShopsController][list], id: [11], Getting Shops
2025-02-07T05:03:49.914Z [info]: [ShopsController][list], id: [11], Shops List Send Successfully
2025-02-07T05:03:49.926Z [info]: [UserController][getUserDetails], Total Sale: [[object Object]], Total Expense: [[object Object]], Total Shops: [[object Object]], Pending Money: [[object Object]], Details fetched successfully
2025-02-07T05:05:35.566Z [info]: [InventoryController][list], id: [11], shopId: [23], Getting Items
2025-02-07T05:05:35.570Z [info]: [InventoryController][list], id: [11], shopId: [23], Items fetched Successfully
2025-02-07T05:05:37.540Z [info]: [InventoryController][list], id: [11], shopId: [23], Getting Items
2025-02-07T05:05:37.545Z [info]: [InventoryController][list], id: [11], shopId: [23], Items fetched Successfully
2025-02-07T05:06:45.405Z [info]: [ShopsController][list], id: [11], Getting Shops
2025-02-07T05:06:45.420Z [info]: [UserController][getUserDetails], User ID: [11]
2025-02-07T05:06:45.476Z [info]: [ShopsController][list], id: [11], Shops List Send Successfully
2025-02-07T05:06:45.489Z [info]: [UserController][getUserDetails], Total Sale: [[object Object]], Total Expense: [[object Object]], Total Shops: [[object Object]], Pending Money: [[object Object]], Details fetched successfully
2025-02-07T10:14:00.038Z [info]: [ShopsController][list], id: [11], Getting Shops
2025-02-07T10:14:00.079Z [info]: [UserController][getUserDetails], User ID: [11]
2025-02-07T10:14:00.256Z [info]: [ShopsController][list], id: [11], Shops List Send Successfully
2025-02-07T10:14:00.287Z [info]: [UserController][getUserDetails], Total Sale: [[object Object]], Total Expense: [[object Object]], Total Shops: [[object Object]], Pending Money: [[object Object]], Details fetched successfully
2025-02-07T10:21:17.562Z [info]: [ShopsController][list], id: [11], Getting Shops
2025-02-07T10:21:17.566Z [info]: [ShopsController][list], Error: Error: ConnectionManager.getConnection was called after the connection manager was closed!
2025-02-07T10:21:31.002Z [info]: [InventoryController][list], Error: Error: ConnectionManager.getConnection was called after the connection manager was closed!
2025-02-07T10:21:56.313Z [info]: [ShopsController][list], id: [11], Getting Shops
2025-02-07T10:21:56.439Z [info]: [ShopsController][list], id: [11], Shops List Send Successfully
2025-02-07T10:22:10.813Z [info]: [InventoryController][list], id: [11], shopId: [23], Shop not found
2025-02-07T10:22:22.913Z [info]: [ShopsController][list], id: [11], Getting Shops
2025-02-07T10:22:23.660Z [info]: [ShopsController][list], id: [11], Shops List Send Successfully
2025-02-07T10:22:24.590Z [info]: [ShopsController][list], id: [11], Getting Shops
2025-02-07T10:22:24.706Z [info]: [ShopsController][list], id: [11], Shops List Send Successfully
2025-02-07T10:22:51.613Z [info]: [ShopsController][add], id: [11], name: [Shop one ], address: [Lal phatak bareilly ], phone: [8937817081], description: [Healthy and tasty food] Adding shop
2025-02-07T10:22:52.589Z [info]: [ShopsController][add], Error: SequelizeDatabaseError: missing "id" primary key column
2025-02-07T10:30:33.694Z [info]: [ShopsController][add], id: [11], name: [Shop one ], address: [Lal phatak bareilly ], phone: [8937817081], description: [Healthy and tasty food] Adding shop
2025-02-07T10:30:35.633Z [info]: [ShopsController][add], Error: SequelizeDatabaseError: missing "id" primary key column
