2025-01-29T05:10:54.797Z [info]: hello world, Welcome to MunimApp
2025-01-29T05:22:07.075Z [info]: [UserController][login], Email: [testing@gmail.com], Password: [12341234]
2025-01-29T05:22:07.234Z [info]: [UserController][login], Email:testing@gmail.com, Password: 12341234, logged in successfully
2025-01-29T05:45:16.906Z [info]: [UserController][login], Email: [testing@gmail.com], Password: [12341234]
2025-01-29T05:45:17.011Z [info]: [UserController][login], Email:testing@gmail.com, Password: 12341234, logged in successfully
2025-01-29T06:08:49.317Z [info]: [UserController][login], Email: [testing@gmail.com], Password: [12341234]
2025-01-29T06:08:49.428Z [info]: [UserController][login], Email:testing@gmail.com, Password: 12341234, logged in successfully
2025-01-29T06:16:45.898Z [info]: [UserController][getUserDetails], User ID: [11]
2025-01-29T06:16:46.007Z [info]: [UserController][getUserDetails], Error: Error: Positional replacement (?) 0 has no entry in the replacement map (replacements[0] is undefined).
2025-01-29T06:17:08.038Z [info]: [UserController][getUserDetails], User ID: [11]
2025-01-29T06:17:08.052Z [info]: [UserController][getUserDetails], Error: Error: Positional replacement (?) 0 has no entry in the replacement map (replacements[0] is undefined).
2025-01-29T06:17:51.015Z [info]: [UserController][getUserDetails], User ID: [11]
2025-01-29T06:17:51.050Z [info]: [UserController][getUserDetails], Error: Error: Positional replacement (?) 0 has no entry in the replacement map (replacements[0] is undefined).
2025-01-29T09:17:27.891Z [info]: [Validate], Error: JsonWebTokenError: jwt must be provided
2025-01-29T09:17:27.902Z [info]: [Validate], Error: JsonWebTokenError: jwt must be provided
2025-01-29T09:18:07.693Z [info]: [UserController][getUserDetails], User ID: [11]
2025-01-29T09:18:07.703Z [info]: [UserController][getUserDetails], User ID: [11]
2025-01-29T09:18:07.741Z [info]: [UserController][getUserDetails], Error: Error: Positional replacement (?) 0 has no entry in the replacement map (replacements[0] is undefined).
2025-01-29T09:18:07.743Z [info]: [UserController][getUserDetails], Error: Error: Positional replacement (?) 0 has no entry in the replacement map (replacements[0] is undefined).
2025-01-29T09:20:13.581Z [info]: [UserController][getUserDetails], User ID: [11]
2025-01-29T09:20:13.589Z [info]: [UserController][getUserDetails], User ID: [11]
2025-01-29T09:20:13.673Z [info]: [UserController][getUserDetails], Total Sale: [[object Object]], Total Expense: [[object Object]], Total Shops: [[object Object]], Pending Money: [[object Object]], Details fetched successfully
2025-01-29T09:20:13.678Z [info]: [UserController][getUserDetails], Total Sale: [[object Object]], Total Expense: [[object Object]], Total Shops: [[object Object]], Pending Money: [[object Object]], Details fetched successfully
2025-01-29T09:21:39.995Z [info]: [UserController][getUserDetails], User ID: [11]
2025-01-29T09:21:40.009Z [info]: [UserController][getUserDetails], Total Sale: [[object Object]], Total Expense: [[object Object]], Total Shops: [[object Object]], Pending Money: [[object Object]], Details fetched successfully
2025-01-29T09:22:01.575Z [info]: [UserController][getUserDetails], User ID: [11]
2025-01-29T09:22:01.590Z [info]: [UserController][getUserDetails], Total Sale: [[object Object]], Total Expense: [[object Object]], Total Shops: [[object Object]], Pending Money: [[object Object]], Details fetched successfully
2025-01-29T09:57:26.081Z [info]: [UserController][getUserDetails], User ID: [11]
2025-01-29T09:57:26.307Z [info]: [UserController][getUserDetails], Total Sale: [[object Object]], Total Expense: [[object Object]], Total Shops: [[object Object]], Pending Money: [[object Object]], Details fetched successfully
2025-01-29T10:01:59.519Z [info]: [UserController][getUserDetails], User ID: [11]
2025-01-29T10:01:59.591Z [info]: [UserController][getUserDetails], Total Sale: [[object Object]], Total Expense: [[object Object]], Total Shops: [[object Object]], Pending Money: [[object Object]], Details fetched successfully
2025-01-29T10:06:16.640Z [info]: [UserController][getUserDetails], User ID: [11]
2025-01-29T10:06:16.690Z [info]: [UserController][getUserDetails], User ID: [11]
2025-01-29T10:06:16.730Z [info]: [UserController][getUserDetails], Total Sale: [[object Object]], Total Expense: [[object Object]], Total Shops: [[object Object]], Pending Money: [[object Object]], Details fetched successfully
2025-01-29T10:06:16.732Z [info]: [UserController][getUserDetails], Total Sale: [[object Object]], Total Expense: [[object Object]], Total Shops: [[object Object]], Pending Money: [[object Object]], Details fetched successfully
2025-01-29T10:07:14.518Z [info]: [UserController][getUserDetails], User ID: [11]
2025-01-29T10:07:14.600Z [info]: [UserController][getUserDetails], Total Sale: [[object Object]], Total Expense: [[object Object]], Total Shops: [[object Object]], Pending Money: [[object Object]], Details fetched successfully
2025-01-29T10:43:53.773Z [info]: [UserController][getUserDetails], User ID: [11]
2025-01-29T10:43:54.147Z [info]: [UserController][getUserDetails], Total Sale: [[object Object]], Total Expense: [[object Object]], Total Shops: [[object Object]], Pending Money: [[object Object]], Details fetched successfully
2025-01-29T10:58:22.876Z [info]: [UserController][getUserDetails], User ID: [11]
2025-01-29T10:58:22.946Z [info]: [UserController][getUserDetails], Total Sale: [[object Object]], Total Expense: [[object Object]], Total Shops: [[object Object]], Pending Money: [[object Object]], Details fetched successfully
2025-01-29T10:59:23.318Z [info]: [UserController][getUserDetails], User ID: [11]
2025-01-29T10:59:23.358Z [info]: [UserController][getUserDetails], Total Sale: [[object Object]], Total Expense: [[object Object]], Total Shops: [[object Object]], Pending Money: [[object Object]], Details fetched successfully
2025-01-29T11:05:09.017Z [info]: [UserController][getUserDetails], User ID: [11]
2025-01-29T11:05:09.069Z [info]: [UserController][getUserDetails], Total Sale: [[object Object]], Total Expense: [[object Object]], Total Shops: [[object Object]], Pending Money: [[object Object]], Details fetched successfully
